Mon Dec 15 2025 10:16:11 [SERVER-NAME] info: [32mConfig validation successful.[39m
Mon Dec 15 2025 10:16:11 [SERVER-NAME] info: [46mðŸš€ Database connected successfully[49m
Mon Dec 15 2025 10:16:11 [SERVER-NAME] info: [33mâ™»ï¸  Socket is listening on same port 9002[39m
Mon Dec 15 2025 10:16:39 [SERVER-NAME] info: [34mSIGINT received. Shutting down gracefully...[39m
Mon Dec 15 2025 10:16:41 [SERVER-NAME] info: [32mConfig validation successful.[39m
Mon Dec 15 2025 10:16:41 [SERVER-NAME] info: [46mðŸš€ Database connected successfully[49m
Mon Dec 15 2025 10:16:41 [SERVER-NAME] info: [33mâ™»ï¸  Socket is listening on same port 9002[39m
Mon Dec 15 2025 10:16:41 [SERVER-NAME] info: [46mâ™»ï¸  Application listening on http://10.10.7.103:9002[49m
Mon Dec 15 2025 10:16:48 [SERVER-NAME] info: 10.10.7.103 - GET / 200 - 4.526 ms
Mon Dec 15 2025 10:17:12 [SERVER-NAME] info: [34mSIGTERM received. Shutting down gracefully...[39m
Mon Dec 15 2025 10:17:12 [SERVER-NAME] info: [32mConfig validation successful.[39m
Mon Dec 15 2025 10:17:12 [SERVER-NAME] info: [46mðŸš€ Database connected successfully[49m
Mon Dec 15 2025 10:17:12 [SERVER-NAME] info: [33mâ™»ï¸  Socket is listening on same port 9002[39m
Mon Dec 15 2025 10:17:12 [SERVER-NAME] info: [46mâ™»ï¸  Application listening on http://10.10.7.103:9002[49m
Mon Dec 15 2025 10:17:24 [SERVER-NAME] info: 10.10.7.103 - GET / 200 - 8.656 ms
Mon Dec 15 2025 10:17:43 [SERVER-NAME] info: [34mSIGINT received. Shutting down gracefully...[39m
Mon Dec 15 2025 10:17:45 [SERVER-NAME] info: [32mConfig validation successful.[39m
Mon Dec 15 2025 10:18:16 [SERVER-NAME] info: [32mConfig validation successful.[39m
Mon Dec 15 2025 10:19:15 [SERVER-NAME] info: [32mConfig validation successful.[39m
Mon Dec 15 2025 10:22:40 [SERVER-NAME] info: [32mConfig validation successful.[39m
Mon Dec 15 2025 10:23:27 [SERVER-NAME] info: [32mConfig validation successful.[39m
Mon Dec 15 2025 10:24:3 [SERVER-NAME] info: [32mConfig validation successful.[39m
Mon Dec 15 2025 10:24:3 [SERVER-NAME] info: [46mðŸš€ Database connected successfully[49m
Mon Dec 15 2025 10:24:3 [SERVER-NAME] info: [33mâ™»ï¸  Socket is listening on same port 9002[39m
Mon Dec 15 2025 10:24:3 [SERVER-NAME] info: [46mâ™»ï¸  Application listening on http://10.10.7.103:9002[49m
Mon Dec 15 2025 10:27:34 [SERVER-NAME] info: [34mSIGINT received. Shutting down gracefully...[39m
Mon Dec 15 2025 10:27:37 [SERVER-NAME] info: [32mConfig validation successful.[39m
Mon Dec 15 2025 10:27:38 [SERVER-NAME] info: [46mðŸš€ Database connected successfully[49m
Mon Dec 15 2025 10:27:38 [SERVER-NAME] info: [33mâ™»ï¸  Socket is listening on same port 9002[39m
Mon Dec 15 2025 10:27:38 [SERVER-NAME] info: [46mâ™»ï¸  Application listening on http://10.10.7.103:9002[49m
Mon Dec 15 2025 10:30:44 [SERVER-NAME] info: [34mSIGINT received. Shutting down gracefully...[39m
Mon Dec 15 2025 10:30:46 [SERVER-NAME] info: [32mConfig validation successful.[39m
Mon Dec 15 2025 10:30:49 [SERVER-NAME] info: [46mðŸš€ Database connected successfully[49m
Mon Dec 15 2025 10:30:49 [SERVER-NAME] info: [33mâ™»ï¸  Socket is listening on same port 9002[39m
Mon Dec 15 2025 10:30:49 [SERVER-NAME] info: [46mâ™»ï¸  Application listening on http://10.10.7.103:9002[49m
Mon Dec 15 2025 10:31:17 [SERVER-NAME] info: [34mSIGINT received. Shutting down gracefully...[39m
Mon Dec 15 2025 10:31:19 [SERVER-NAME] info: [32mConfig validation successful.[39m
Mon Dec 15 2025 10:31:20 [SERVER-NAME] info: [46mðŸš€ Database connected successfully[49m
Mon Dec 15 2025 10:31:20 [SERVER-NAME] info: [33mâ™»ï¸  Socket is listening on same port 9002[39m
Mon Dec 15 2025 10:31:20 [SERVER-NAME] info: [46mâ™»ï¸  Application listening on http://10.10.7.103:9002[49m
Mon Dec 15 2025 10:32:47 [SERVER-NAME] info: [34mSIGINT received. Shutting down gracefully...[39m
Mon Dec 15 2025 10:32:49 [SERVER-NAME] info: [32mConfig validation successful.[39m
Mon Dec 15 2025 10:32:49 [SERVER-NAME] info: [46mðŸš€ Database connected successfully[49m
Mon Dec 15 2025 10:32:49 [SERVER-NAME] info: [33mâ™»ï¸  Socket is listening on same port 9002[39m
Mon Dec 15 2025 10:32:49 [SERVER-NAME] info: [46mâ™»ï¸  Application listening on http://10.10.7.103:9002[49m
Mon Dec 15 2025 10:32:57 [SERVER-NAME] info: [36mðŸŽ¨ --------------> Database seeding start <--------------- ðŸŽ¨[39m
Mon Dec 15 2025 10:32:58 [SERVER-NAME] info: [32mâœ¨ --------------> Users seeded successfully <-------------- âœ¨[39m
Mon Dec 15 2025 10:32:58 [SERVER-NAME] info: [32mðŸŽ‰ --------------> Database seeding completed <--------------- ðŸŽ‰[39m
Mon Dec 15 2025 10:41:11 [SERVER-NAME] info: [34mSIGTERM received. Shutting down gracefully...[39m
Mon Dec 15 2025 10:41:11 [SERVER-NAME] info: [32mConfig validation successful.[39m
Mon Dec 15 2025 10:41:11 [SERVER-NAME] info: [46mðŸš€ Database connected successfully[49m
Mon Dec 15 2025 10:41:11 [SERVER-NAME] info: [33mâ™»ï¸  Socket is listening on same port 9002[39m
Mon Dec 15 2025 10:41:11 [SERVER-NAME] info: [46mâ™»ï¸  Application listening on http://10.10.7.103:9002[49m
Mon Dec 15 2025 10:42:29 [SERVER-NAME] info: [34mSIGTERM received. Shutting down gracefully...[39m
Mon Dec 15 2025 10:42:29 [SERVER-NAME] info: [32mConfig validation successful.[39m
Mon Dec 15 2025 10:42:30 [SERVER-NAME] info: [46mðŸš€ Database connected successfully[49m
Mon Dec 15 2025 10:42:30 [SERVER-NAME] info: [33mâ™»ï¸  Socket is listening on same port 9002[39m
Mon Dec 15 2025 10:42:30 [SERVER-NAME] info: [46mâ™»ï¸  Application listening on http://10.10.7.103:9002[49m
Mon Dec 15 2025 10:43:39 [SERVER-NAME] info: [34mSIGTERM received. Shutting down gracefully...[39m
Mon Dec 15 2025 10:43:39 [SERVER-NAME] info: [32mConfig validation successful.[39m
Mon Dec 15 2025 10:43:40 [SERVER-NAME] info: [46mðŸš€ Database connected successfully[49m
Mon Dec 15 2025 10:43:40 [SERVER-NAME] info: [33mâ™»ï¸  Socket is listening on same port 9002[39m
Mon Dec 15 2025 10:43:40 [SERVER-NAME] info: [46mâ™»ï¸  Application listening on http://10.10.7.103:9002[49m
Mon Dec 15 2025 10:44:18 [SERVER-NAME] info: [34mSIGTERM received. Shutting down gracefully...[39m
Mon Dec 15 2025 10:44:18 [SERVER-NAME] info: [32mConfig validation successful.[39m
Mon Dec 15 2025 10:44:19 [SERVER-NAME] info: [46mðŸš€ Database connected successfully[49m
Mon Dec 15 2025 10:44:19 [SERVER-NAME] info: [33mâ™»ï¸  Socket is listening on same port 9002[39m
Mon Dec 15 2025 10:44:19 [SERVER-NAME] info: [46mâ™»ï¸  Application listening on http://10.10.7.103:9002[49m
Mon Dec 15 2025 10:44:28 [SERVER-NAME] info: [34mSIGTERM received. Shutting down gracefully...[39m
Mon Dec 15 2025 10:44:28 [SERVER-NAME] info: [32mConfig validation successful.[39m
Mon Dec 15 2025 10:44:28 [SERVER-NAME] info: [46mðŸš€ Database connected successfully[49m
Mon Dec 15 2025 10:44:28 [SERVER-NAME] info: [33mâ™»ï¸  Socket is listening on same port 9002[39m
Mon Dec 15 2025 10:44:28 [SERVER-NAME] info: [46mâ™»ï¸  Application listening on http://10.10.7.103:9002[49m
Mon Dec 15 2025 10:44:54 [SERVER-NAME] info: [34mSIGTERM received. Shutting down gracefully...[39m
Mon Dec 15 2025 10:44:54 [SERVER-NAME] info: [32mConfig validation successful.[39m
Mon Dec 15 2025 10:44:55 [SERVER-NAME] info: [46mðŸš€ Database connected successfully[49m
Mon Dec 15 2025 10:44:55 [SERVER-NAME] info: [33mâ™»ï¸  Socket is listening on same port 9002[39m
Mon Dec 15 2025 10:44:55 [SERVER-NAME] info: [46mâ™»ï¸  Application listening on http://10.10.7.103:9002[49m
Mon Dec 15 2025 10:45:31 [SERVER-NAME] info: [34mSIGTERM received. Shutting down gracefully...[39m
Mon Dec 15 2025 10:45:31 [SERVER-NAME] info: [32mConfig validation successful.[39m
Mon Dec 15 2025 10:45:32 [SERVER-NAME] info: [46mðŸš€ Database connected successfully[49m
Mon Dec 15 2025 10:45:32 [SERVER-NAME] info: [33mâ™»ï¸  Socket is listening on same port 9002[39m
Mon Dec 15 2025 10:45:32 [SERVER-NAME] info: [46mâ™»ï¸  Application listening on http://10.10.7.103:9002[49m
Mon Dec 15 2025 10:50:26 [SERVER-NAME] info: [34mSIGTERM received. Shutting down gracefully...[39m
Mon Dec 15 2025 10:50:26 [SERVER-NAME] info: [32mConfig validation successful.[39m
Mon Dec 15 2025 10:50:27 [SERVER-NAME] info: [46mðŸš€ Database connected successfully[49m
Mon Dec 15 2025 10:50:27 [SERVER-NAME] info: [33mâ™»ï¸  Socket is listening on same port 9002[39m
Mon Dec 15 2025 10:50:27 [SERVER-NAME] info: [46mâ™»ï¸  Application listening on http://10.10.7.103:9002[49m
Mon Dec 15 2025 10:55:17 [SERVER-NAME] info: [34mSIGTERM received. Shutting down gracefully...[39m
Mon Dec 15 2025 10:55:17 [SERVER-NAME] info: [32mConfig validation successful.[39m
Mon Dec 15 2025 10:55:18 [SERVER-NAME] info: [46mðŸš€ Database connected successfully[49m
Mon Dec 15 2025 10:55:18 [SERVER-NAME] info: [33mâ™»ï¸  Socket is listening on same port 9002[39m
Mon Dec 15 2025 10:55:18 [SERVER-NAME] info: [46mâ™»ï¸  Application listening on http://10.10.7.103:9002[49m
